time=2024-08-02T15:15:50.616+05:00 level=ERROR msg="pq: value too long for type character varying(5)"
time=2024-08-02T15:15:50.616+05:00 level=ERROR msg="pq: value too long for type character varying(5)"
time=2024-08-02T15:18:41.692+05:00 level=ERROR msg="pq: relation \"reflesh_tokens\" does not exist"
time=2024-08-02T15:18:41.692+05:00 level=ERROR msg="pq: relation \"reflesh_tokens\" does not exist"
time=2024-08-02T16:31:54.300+05:00 level=ERROR msg="pq: value too long for type character varying(5)"
time=2024-08-02T16:31:54.300+05:00 level=ERROR msg="pq: value too long for type character varying(5)"
time=2024-08-02T17:26:08.515+05:00 level=ERROR msg="pq: duplicate key value violates unique constraint \"users_email_key\""
time=2024-08-02T17:26:08.515+05:00 level=ERROR msg="pq: duplicate key value violates unique constraint \"users_email_key\""
time=2024-08-02T17:31:06.984+05:00 level=ERROR msg="Invalid code"
time=2024-08-02T17:32:19.352+05:00 level=ERROR msg="pq: syntax error at or near \",\""
time=2024-08-02T17:32:19.352+05:00 level=ERROR msg="Error updating user password"
time=2024-08-02T19:37:56.865+05:00 level=ERROR msg="Error reading email from redis"
time=2024-08-03T02:07:08.260+05:00 level=ERROR msg="Error reading email from redis"
time=2024-08-03T02:13:26.448+05:00 level=ERROR msg="Error reading email from redis"
time=2024-08-03T02:16:00.624+05:00 level=ERROR msg="Error reading email from redis"
time=2024-08-03T02:16:01.110+05:00 level=ERROR msg="Error reading email from redis"
time=2024-08-03T02:17:20.659+05:00 level=ERROR msg="Error reading email from redis"
time=2024-08-03T02:19:06.622+05:00 level=ERROR msg="Error reading email from redis"
time=2024-08-03T02:20:47.143+05:00 level=ERROR msg="Error reading email from redis"
time=2024-08-03T02:21:57.645+05:00 level=ERROR msg="Error reading email from redis"
time=2024-08-03T02:30:15.939+05:00 level=ERROR msg="Error reading email from redis"
time=2024-08-05T08:18:49.361+05:00 level=ERROR msg="Invalid code"
time=2024-08-06T15:29:15.779+05:00 level=ERROR msg="Invalid code"
time=2024-08-06T15:43:23.809+05:00 level=ERROR msg="Error reading email from redis"
time=2024-08-06T15:43:29.445+05:00 level=ERROR msg="Error reading email from redis"
time=2024-08-06T16:00:29.779+05:00 level=ERROR msg="Error reading email from redis"
time=2024-08-06T16:00:33.234+05:00 level=ERROR msg="Error reading email from redis"
time=2024-08-06T16:02:01.705+05:00 level=ERROR msg="Error reading email from redis"
time=2024-08-06T16:16:06.723+05:00 level=ERROR msg="Error reading email from redis"
time=2024-08-06T16:16:22.411+05:00 level=ERROR msg="Error reading email from redis"
time=2024-08-06T16:17:28.569+05:00 level=ERROR msg="Error reading email from redis"
time=2024-08-06T16:19:58.955+05:00 level=ERROR msg="Error reading email from redis"
time=2024-08-06T16:24:56.795+05:00 level=ERROR msg="Error reading email from redis"
time=2024-08-06T16:25:00.315+05:00 level=ERROR msg="Error reading email from redis"
time=2024-08-06T16:25:01.206+05:00 level=ERROR msg="Error reading email from redis"
time=2024-08-06T16:25:02.762+05:00 level=ERROR msg="Error reading email from redis"
time=2024-08-09T01:38:48.180+05:00 level=ERROR msg="pq: duplicate key value violates unique constraint \"users_email_key\""
time=2024-08-09T01:38:48.180+05:00 level=ERROR msg="pq: duplicate key value violates unique constraint \"users_email_key\""
time=2024-08-09T02:31:28.004+05:00 level=ERROR msg="Error reading email from redis"
time=2024-08-09T02:37:43.602+05:00 level=ERROR msg="pq: duplicate key value violates unique constraint \"users_email_key\""
time=2024-08-09T02:37:43.602+05:00 level=ERROR msg="pq: duplicate key value violates unique constraint \"users_email_key\""
time=2024-08-09T02:41:06.144+05:00 level=ERROR msg="Error reading email from redis"
time=2024-08-09T03:18:49.537+05:00 level=ERROR msg="Invalid code"
time=2024-08-09T03:19:19.025+05:00 level=ERROR msg="Invalid code"
time=2024-08-09T03:21:26.193+05:00 level=ERROR msg="Invalid code"
time=2024-08-09T03:23:23.511+05:00 level=ERROR msg="Invalid code"
time=2024-08-09T03:32:44.438+05:00 level=ERROR msg="pq: syntax error at or near \",\""
time=2024-08-09T03:32:44.438+05:00 level=ERROR msg="Error updating user password"
time=2024-08-09T03:36:50.911+05:00 level=ERROR msg="pq: syntax error at or near \",\""
time=2024-08-09T03:36:50.911+05:00 level=ERROR msg="Error updating user password"
time=2024-08-09T09:15:40.947+05:00 level=ERROR msg="pq: value too long for type character varying(5)"
time=2024-08-09T09:18:46.849+05:00 level=ERROR msg="pq: value too long for type character varying(5)"
time=2024-08-09T09:18:46.849+05:00 level=ERROR msg="pq: value too long for type character varying(5)"
time=2024-08-09T10:31:17.113+05:00 level=ERROR msg="crypto/bcrypt: bcrypt hashes must start with '$', but hashedSecret started with 'f'"
time=2024-08-09T10:31:17.113+05:00 level=ERROR msg="crypto/bcrypt: bcrypt hashes must start with '$', but hashedSecret started with 'f'"
time=2024-08-09T10:37:12.341+05:00 level=ERROR msg="pq: invalid input value for enum role: \"\""
time=2024-08-09T10:37:23.093+05:00 level=ERROR msg="pq: invalid input value for enum role: \"\""
time=2024-08-09T10:39:01.695+05:00 level=ERROR msg="pq: invalid input value for enum role: \"\""
time=2024-08-09T10:39:29.736+05:00 level=ERROR msg="pq: invalid input value for enum role: \"\""
time=2024-08-09T10:47:26.079+05:00 level=ERROR msg="pq: invalid input value for enum role: \"\""
time=2024-08-09T10:59:45.166+05:00 level=ERROR msg="pq: got 3 parameters but the statement requires 4"
time=2024-08-09T11:35:33.075+05:00 level=ERROR msg="pq: invalid input syntax for type uuid: \"\""
time=2024-08-09T15:51:29.180+05:00 level=ERROR msg=... "Error while listening on TCP: %v"="listen tcp 127.0.0.1:8080: bind: address already in use"
time=2024-08-09T15:53:37.490+05:00 level=ERROR msg=... "Error while listening on TCP: %v"="listen tcp 127.0.0.1:8080: bind: address already in use"
time=2024-08-09T16:07:49.309+05:00 level=ERROR msg=... "Error while listening on TCP: %v"="listen tcp 127.0.0.1:8080: bind: address already in use"
time=2024-08-09T16:10:04.591+05:00 level=ERROR msg=... "Error while listening on TCP: %v"="listen tcp 127.0.0.1:8080: bind: address already in use"
time=2024-08-09T16:10:56.135+05:00 level=ERROR msg=... "Error while listening on TCP: %v"="listen tcp 127.0.0.1:8080: bind: address already in use"
time=2024-08-09T16:27:22.871+05:00 level=ERROR msg=... "Error while listening on TCP: %v"="listen tcp 127.0.0.1:8080: bind: address already in use"
time=2024-08-09T16:28:52.616+05:00 level=ERROR msg=... "Error while listening on TCP: %v"="listen tcp 127.0.0.1:8080: bind: address already in use"
time=2024-08-09T16:32:02.850+05:00 level=ERROR msg=... "Error while listening on TCP: %v"="listen tcp 127.0.0.1:8080: bind: address already in use"
time=2024-08-09T17:14:40.671+05:00 level=ERROR msg=... "Error while listening on TCP: %v"="listen tcp 127.0.0.1:8080: bind: address already in use"
time=2024-08-09T17:18:48.046+05:00 level=ERROR msg=... "Error while listening on TCP: %v"="listen tcp 127.0.0.1:8080: bind: address already in use"
time=2024-08-09T17:54:09.241+05:00 level=ERROR msg=... "Error while listening on TCP: %v"="listen tcp 127.0.0.1:8080: bind: address already in use"
time=2024-08-09T18:20:30.046+05:00 level=ERROR msg=... "Error while listening on TCP: %v"="listen tcp 127.0.0.1:8080: bind: address already in use"
time=2024-08-09T19:05:54.003+05:00 level=ERROR msg=... "Error while listening on TCP: %v"="listen tcp 127.0.0.1:8080: bind: address already in use"
time=2024-08-15T20:37:46.073+05:00 level=ERROR msg=... "Error while listening on TCP: %v"="listen tcp 127.0.0.1:8080: bind: address already in use"
time=2024-08-15T20:39:12.213+05:00 level=ERROR msg="pq: value too long for type character varying(5)"
time=2024-08-15T20:39:12.213+05:00 level=ERROR msg="pq: value too long for type character varying(5)"
time=2024-08-16T11:08:40.293+05:00 level=ERROR msg=... "Error while listening on TCP: %v"="listen tcp 127.0.0.1:8080: bind: address already in use"
time=2024-08-16T11:10:13.490+05:00 level=ERROR msg="pq: value too long for type character varying(5)"
time=2024-08-16T11:10:13.490+05:00 level=ERROR msg="pq: value too long for type character varying(5)"
time=2024-08-16T12:09:09.357+05:00 level=ERROR msg="grpc error" "Error while listening on TCP: %v"="listen tcp: address ::8075: too many colons in address"
time=2024-08-16T12:12:18.471+05:00 level=ERROR msg="grpc error" "Error while listening on TCP: %v"="listen tcp: address ::8075: too many colons in address"
time=2024-08-16T12:13:45.053+05:00 level=ERROR msg="grpc error" "Error while listening on TCP: %v"="listen tcp: address ::8075: too many colons in address"
time=2024-08-16T12:14:43.381+05:00 level=ERROR msg="grpc error" "Error while listening on TCP: %v"="listen tcp: address ::8075: too many colons in address"
time=2024-08-16T12:18:16.323+05:00 level=ERROR msg="grpc error" "Error while listening on TCP: %v"="listen tcp: address ::8075: too many colons in address"
time=2024-08-16T13:09:00.935+05:00 level=ERROR msg="grpc error" "Error while listening on TCP: %v"="listen tcp: address ::8075: too many colons in address"
time=2024-08-16T13:11:59.530+05:00 level=ERROR msg="pq: duplicate key value violates unique constraint \"users_username_key\""
time=2024-08-16T13:11:59.530+05:00 level=ERROR msg="pq: duplicate key value violates unique constraint \"users_username_key\""
time=2024-08-16T15:51:01.025+05:00 level=ERROR msg="pq: duplicate key value violates unique constraint \"users_username_key\""
time=2024-08-16T15:51:01.025+05:00 level=ERROR msg="pq: duplicate key value violates unique constraint \"users_username_key\""
time=2024-08-16T15:51:12.008+05:00 level=ERROR msg="pq: duplicate key value violates unique constraint \"users_username_key\""
time=2024-08-16T15:51:12.008+05:00 level=ERROR msg="pq: duplicate key value violates unique constraint \"users_username_key\""
time=2024-08-16T15:51:25.943+05:00 level=ERROR msg="pq: value too long for type character varying(5)"
time=2024-08-16T15:51:25.943+05:00 level=ERROR msg="pq: value too long for type character varying(5)"
time=2024-08-16T15:51:38.537+05:00 level=ERROR msg="pq: value too long for type character varying(5)"
time=2024-08-16T15:51:38.537+05:00 level=ERROR msg="pq: value too long for type character varying(5)"
time=2024-08-16T15:51:44.654+05:00 level=ERROR msg="pq: value too long for type character varying(5)"
time=2024-08-16T15:51:44.654+05:00 level=ERROR msg="pq: value too long for type character varying(5)"
time=2024-08-16T15:51:59.035+05:00 level=ERROR msg="pq: value too long for type character varying(5)"
time=2024-08-16T15:51:59.035+05:00 level=ERROR msg="pq: value too long for type character varying(5)"
